Change Component Physical Designator: Old Designator=C1 New Designator=C1_DSP
Change Component Physical Designator: Old Designator=C1 New Designator=C1_POW
Change Component Physical Designator: Old Designator=C1 New Designator=C1_UC
Change Component Physical Designator: Old Designator=C2 New Designator=C2_DSP
Change Component Physical Designator: Old Designator=C2 New Designator=C2_POW
Change Component Physical Designator: Old Designator=C2 New Designator=C2_UC
Change Component Physical Designator: Old Designator=C3 New Designator=C3_DSP
Change Component Physical Designator: Old Designator=C3 New Designator=C3_UC
Change Component Physical Designator: Old Designator=C4 New Designator=C4_UC
Change Component Physical Designator: Old Designator=C5 New Designator=C5_UC
Change Component Physical Designator: Old Designator=C6 New Designator=C6_UC
Change Component Physical Designator: Old Designator=C7 New Designator=C7_UC
Change Component Physical Designator: Old Designator=C8 New Designator=C8_UC
Change Component Physical Designator: Old Designator=C9 New Designator=C9_UC
Change Component Physical Designator: Old Designator=C10 New Designator=C10_DSP
Change Component Physical Designator: Old Designator=C11 New Designator=C11_DSP
Change Component Physical Designator: Old Designator=C12 New Designator=C12_DSP
Change Component Physical Designator: Old Designator=C13 New Designator=C13_DSP
Change Component Physical Designator: Old Designator=C14 New Designator=C14_DSP
Change Component Physical Designator: Old Designator=C15 New Designator=C15_DSP
Change Component Physical Designator: Old Designator=C16 New Designator=C16_DSP
Change Component Physical Designator: Old Designator=C17 New Designator=C17_DSP
Change Component Physical Designator: Old Designator=C18 New Designator=C18_DSP
Change Component Physical Designator: Old Designator=C19 New Designator=C19_DSP
Change Component Physical Designator: Old Designator=C20 New Designator=C20_DSP
Change Component Physical Designator: Old Designator=C21 New Designator=C21_DSP
Change Component Physical Designator: Old Designator=C22 New Designator=C22_DSP
Change Component Physical Designator: Old Designator=C23 New Designator=C23_DSP
Change Component Physical Designator: Old Designator=C24 New Designator=C24_DSP
Change Component Physical Designator: Old Designator=C25 New Designator=C25_DSP
Change Component Physical Designator: Old Designator=C26 New Designator=C26_DSP
Change Component Physical Designator: Old Designator=C27 New Designator=C27_DAC_FILT
Change Component Physical Designator: Old Designator=C28 New Designator=C28_DAC_FILT
Change Component Physical Designator: Old Designator=C29 New Designator=C29_DAC_FILT
Change Component Physical Designator: Old Designator=C30 New Designator=C30_DAC_FILT
Change Component Physical Designator: Old Designator=C31 New Designator=C31_DAC_FILT
Change Component Physical Designator: Old Designator=C32 New Designator=C32_DAC_FILT
Change Component Physical Designator: Old Designator=C33 New Designator=C33_DAC_FILT
Change Component Physical Designator: Old Designator=C34 New Designator=C34_DAC_FILT
Change Component Physical Designator: Old Designator=C35 New Designator=C35_DAC_FILT
Change Component Physical Designator: Old Designator=CADJ New Designator=CADJ_POW
Change Component Physical Designator: Old Designator=D1 New Designator=D1_POW
Change Component Physical Designator: Old Designator=D2 New Designator=D2_POW
Change Component Physical Designator: Old Designator=DL0 New Designator=DL0_DSP
Change Component Physical Designator: Old Designator=DL1 New Designator=DL1_DSP
Change Component Physical Designator: Old Designator=DL2 New Designator=DL2_DSP
Change Component Physical Designator: Old Designator=DL3 New Designator=DL3_DSP
Change Component Physical Designator: Old Designator=Q1 New Designator=Q1_DSP
Change Component Physical Designator: Old Designator=R1 New Designator=R1_DSP
Change Component Physical Designator: Old Designator=R1 New Designator=R1_POW
Change Component Physical Designator: Old Designator=R2 New Designator=R2_DSP
Change Component Physical Designator: Old Designator=R2 New Designator=R2_POW
Change Component Physical Designator: Old Designator=R3 New Designator=R3_DSP
Change Component Physical Designator: Old Designator=R4 New Designator=R4_DSP
Change Component Physical Designator: Old Designator=R5 New Designator=R5_DSP
Change Component Physical Designator: Old Designator=R6 New Designator=R6_DSP
Change Component Physical Designator: Old Designator=R7 New Designator=R7_DSP
Change Component Physical Designator: Old Designator=R8 New Designator=R8_DSP
Change Component Physical Designator: Old Designator=R9 New Designator=R9_DSP
Change Component Physical Designator: Old Designator=R10 New Designator=R10_DSP
Change Component Physical Designator: Old Designator=R11 New Designator=R11_DSP
Change Component Physical Designator: Old Designator=R12 New Designator=R12_DSP
Change Component Physical Designator: Old Designator=R13 New Designator=R13_DSP
Change Component Physical Designator: Old Designator=R14 New Designator=R14_DSP
Change Component Physical Designator: Old Designator=R15 New Designator=R15_DSP
Change Component Physical Designator: Old Designator=R16 New Designator=R16_DSP
Change Component Physical Designator: Old Designator=R17 New Designator=R17_DSP
Change Component Physical Designator: Old Designator=R18 New Designator=R18_DSP
Change Component Physical Designator: Old Designator=R19 New Designator=R19_DSP
Change Component Physical Designator: Old Designator=R20 New Designator=R20_DAC_FILT
Change Component Physical Designator: Old Designator=R21 New Designator=R21_DAC_FILT
Change Component Physical Designator: Old Designator=R22 New Designator=R22_DAC_FILT
Change Component Physical Designator: Old Designator=R23 New Designator=R23_DAC_FILT
Change Component Physical Designator: Old Designator=R24 New Designator=R24_DAC_FILT
Change Component Physical Designator: Old Designator=R25 New Designator=R25_DAC_FILT
Change Component Physical Designator: Old Designator=R26 New Designator=R26_DAC_FILT
Change Component Physical Designator: Old Designator=R27 New Designator=R27_DAC_FILT
Change Component Physical Designator: Old Designator=RL0 New Designator=RL0_DSP
Change Component Physical Designator: Old Designator=RL1 New Designator=RL1_DSP
Change Component Physical Designator: Old Designator=RL2 New Designator=RL2_DSP
Change Component Physical Designator: Old Designator=RL3 New Designator=RL3_DSP
Change Component Physical Designator: Old Designator=S1 New Designator=S1_DSP
Change Component Physical Designator: Old Designator=S1 New Designator=S1_UC
Change Component Physical Designator: Old Designator=S2 New Designator=S2_DSP
Change Component Physical Designator: Old Designator=S3 New Designator=S3_DSP
Change Component Physical Designator: Old Designator=TP1 New Designator=TP1_POW
Change Component Physical Designator: Old Designator=TP2 New Designator=TP2_POW
Change Component Physical Designator: Old Designator=U1 New Designator=U1_DSP
Change Component Physical Designator: Old Designator=U1 New Designator=U1_POW
Change Component Physical Designator: Old Designator=U1 New Designator=U1_UC
Change Component Physical Designator: Old Designator=U1 New Designator=U1_DAC_FILT
Change Component Physical Designator: Old Designator=U1 New Designator=U1_DAC_FILT
Change Component Physical Designator: Old Designator=Y1 New Designator=Y1_DSP
